Importer Log Report
Project : Group

Section : Analyze Document - Z:\Dev\eagle-libraries\eagle-libraries\pedals-40xx-2.lbr
    Analyzing data of Z:\Dev\eagle-libraries\eagle-libraries\pedals-40xx-2.lbr
    Load settings
    Load layers 62
    Load Library library
    Load Library ""
    Load Packages 22
    Load Symbols 84
    Load DeviceSets 85
EndSection

Section : Analyze Document - Z:\Dev\eagle-libraries\eagle-libraries\pedals-capacitors-elec.lbr
    Analyzing data of Z:\Dev\eagle-libraries\eagle-libraries\pedals-capacitors-elec.lbr
    Load settings
    Load layers 62
    Load Library library
    Load Library ""
    Load Packages 24
    Load Symbols 2
    Load DeviceSets 5
EndSection

Section : Analyze Document - Z:\Dev\eagle-libraries\eagle-libraries\pedals-capacitors-film.lbr
    Analyzing data of Z:\Dev\eagle-libraries\eagle-libraries\pedals-capacitors-film.lbr
    Load settings
    Load layers 64
    Load Library library
    Load Library ""
    Load Packages 10
    Load Symbols 1
    Load DeviceSets 1
EndSection

Section : Analyze Document - Z:\Dev\eagle-libraries\eagle-libraries\pedals-diodes.lbr
    Analyzing data of Z:\Dev\eagle-libraries\eagle-libraries\pedals-diodes.lbr
    Load settings
    Load layers 64
    Load Library library
    Load Library ""
    Load Packages 13
    Load Symbols 5
    Load DeviceSets 6
EndSection

Section : Analyze Document - Z:\Dev\eagle-libraries\eagle-libraries\pedals-enclosures.lbr
    Analyzing data of Z:\Dev\eagle-libraries\eagle-libraries\pedals-enclosures.lbr
    Load settings
    Load layers 72
    Load Library library
    Load Library ""
    Load Packages 23
    Load Symbols 2
    Load DeviceSets 0
EndSection

Section : Analyze Document - Z:\Dev\eagle-libraries\eagle-libraries\pedals-headers.lbr
    Analyzing data of Z:\Dev\eagle-libraries\eagle-libraries\pedals-headers.lbr
    Load settings
    Load layers 136
    Load Library library
    Load Library ""
    Load Packages 17
    Load Symbols 10
    Load DeviceSets 10
EndSection

Section : Analyze Document - Z:\Dev\eagle-libraries\eagle-libraries\pedals-inductors.lbr
    Analyzing data of Z:\Dev\eagle-libraries\eagle-libraries\pedals-inductors.lbr
    Load settings
    Load layers 64
    Load Library library
    Load Library ""
    Load Packages 2
    Load Symbols 1
    Load DeviceSets 2
EndSection

Section : Analyze Document - Z:\Dev\eagle-libraries\eagle-libraries\pedals-integrated circuits.lbr
    Analyzing data of Z:\Dev\eagle-libraries\eagle-libraries\pedals-integrated circuits.lbr
    Load settings
    Load layers 72
    Load Library library
    Load Library ""
    Load Packages 25
    ERROR: Unhandled typepackages3d
    Load Symbols 38
    Load DeviceSets 36
    ERROR: Unhandled typepackage3dinstances
    ERROR: Unhandled typepackage3dinstances
EndSection

Section : Analyze Document - Z:\Dev\eagle-libraries\eagle-libraries\pedals-jacks.lbr
    Analyzing data of Z:\Dev\eagle-libraries\eagle-libraries\pedals-jacks.lbr
    Load settings
    Load layers 143
    Load Library library
    Load Library ""
    Load Packages 19
    Load Symbols 7
    Load DeviceSets 7
EndSection

Section : Analyze Document - Z:\Dev\eagle-libraries\eagle-libraries\pedals-microcontrollers.lbr
    Analyzing data of Z:\Dev\eagle-libraries\eagle-libraries\pedals-microcontrollers.lbr
    Load settings
    Load layers 143
    Load Library library
    Load Library ""
    Load Packages 5
    Load Symbols 2
    Load DeviceSets 2
EndSection

Section : Analyze Document - Z:\Dev\eagle-libraries\eagle-libraries\pedals-misc.lbr
    Analyzing data of Z:\Dev\eagle-libraries\eagle-libraries\pedals-misc.lbr
    Load settings
    Load layers 50
    Load Library library
    Load Library ""
    Load Packages 1
    Load Symbols 1
    Load DeviceSets 1
EndSection

Section : Analyze Document - Z:\Dev\eagle-libraries\eagle-libraries\pedals-ota.lbr
    Analyzing data of Z:\Dev\eagle-libraries\eagle-libraries\pedals-ota.lbr
    Load settings
    Load layers 48
    Load Library library
    Load Library ""
    Load Packages 5
    Load Symbols 10
    Load DeviceSets 9
EndSection

Section : Analyze Document - Z:\Dev\eagle-libraries\eagle-libraries\pedals-pcb.lbr
    Analyzing data of Z:\Dev\eagle-libraries\eagle-libraries\pedals-pcb.lbr
    Load settings
    Load layers 60
    Load Library library
    Load Library ""
    Load Packages 3
    Load Symbols 0
    Load DeviceSets 0
EndSection

Section : Analyze Document - Z:\Dev\eagle-libraries\eagle-libraries\pedals-potentiometers.lbr
    Analyzing data of Z:\Dev\eagle-libraries\eagle-libraries\pedals-potentiometers.lbr
    Load settings
    Load layers 73
    Load Library library
    Load Library ""
    Load Packages 58
    Load Symbols 3
    Load DeviceSets 4
EndSection

Section : Analyze Document - Z:\Dev\eagle-libraries\eagle-libraries\pedals-regulators.lbr
    Analyzing data of Z:\Dev\eagle-libraries\eagle-libraries\pedals-regulators.lbr
    Load settings
    Load layers 72
    Load Library library
    Load Library ""
    Load Packages 9
    Load Symbols 4
    Load DeviceSets 6
EndSection

Section : Analyze Document - Z:\Dev\eagle-libraries\eagle-libraries\pedals-relays.lbr
    Analyzing data of Z:\Dev\eagle-libraries\eagle-libraries\pedals-relays.lbr
    Load settings
    Load layers 72
    Load Library library
    Load Library ""
    Load Packages 4
    ERROR: Unhandled typepackages3d
    Load Symbols 7
    Load DeviceSets 5
    ERROR: Unhandled typepackage3dinstances
    ERROR: Unhandled typepackage3dinstances
EndSection

Section : Analyze Document - Z:\Dev\eagle-libraries\eagle-libraries\pedals-resistors.lbr
    Analyzing data of Z:\Dev\eagle-libraries\eagle-libraries\pedals-resistors.lbr
    Load settings
    Load layers 72
    Load Library library
    Load Library ""
    Load Packages 12
    Load Symbols 4
    Load DeviceSets 4
EndSection

Section : Analyze Document - Z:\Dev\eagle-libraries\eagle-libraries\pedals-SMD.lbr
    Analyzing data of Z:\Dev\eagle-libraries\eagle-libraries\pedals-SMD.lbr
    Load settings
    Load layers 72
    Load Library library
    Load Library ""
    Load Packages 11
    Load Symbols 7
    Load DeviceSets 6
EndSection

Section : Analyze Document - Z:\Dev\eagle-libraries\eagle-libraries\pedals-submini tubes.lbr
    Analyzing data of Z:\Dev\eagle-libraries\eagle-libraries\pedals-submini tubes.lbr
    Load settings
    Load layers 72
    Load Library library
    Load Library ""
    Load Packages 4
    Load Symbols 4
    Load DeviceSets 3
EndSection

Section : Analyze Document - Z:\Dev\eagle-libraries\eagle-libraries\pedals-switches.lbr
    Analyzing data of Z:\Dev\eagle-libraries\eagle-libraries\pedals-switches.lbr
    Load settings
    Load layers 72
    Load Library library
    Load Library ""
    Load Packages 26
    Load Symbols 13
    Load DeviceSets 15
EndSection

Section : Analyze Document - Z:\Dev\eagle-libraries\eagle-libraries\pedals-transformer.lbr
    Analyzing data of Z:\Dev\eagle-libraries\eagle-libraries\pedals-transformer.lbr
    Load settings
    Load layers 72
    Load Library library
    Load Library ""
    Load Packages 8
    Load Symbols 4
    Load DeviceSets 6
EndSection

Section : Analyze Document - Z:\Dev\eagle-libraries\eagle-libraries\pedals-transistors.lbr
    Analyzing data of Z:\Dev\eagle-libraries\eagle-libraries\pedals-transistors.lbr
    Load settings
    Load layers 72
    Load Library library
    Load Library ""
    Load Packages 13
    Load Symbols 7
    Load DeviceSets 24
EndSection

Section : Analyze Document - Z:\Dev\eagle-libraries\eagle-libraries\pedals-tubes.lbr
    Analyzing data of Z:\Dev\eagle-libraries\eagle-libraries\pedals-tubes.lbr
    Load settings
    Load layers 59
    Load Library library
    Load Library ""
    Load Packages 16
    Load Symbols 23
    Load DeviceSets 116
EndSection

Section : Analyze Document - Z:\Dev\eagle-libraries\eagle-libraries\pedals-vactrol.lbr
    Analyzing data of Z:\Dev\eagle-libraries\eagle-libraries\pedals-vactrol.lbr
    Load settings
    Load layers 72
    Load Library library
    Load Library ""
    Load Packages 4
    Load Symbols 3
    Load DeviceSets 2
EndSection

Section : Analyze Document - Z:\Dev\pedals\pedals\Ross Compressor\pcb\rosscomp_th.brd
    Analyzing data of Z:\Dev\pedals\pedals\Ross Compressor\pcb\rosscomp_th.brd
    Load settings
    Load layers 145
    Load Library "pedals-jacks"
    Load Packages 2
    Load Library "pedals-potentiometers"
    Load Packages 1
    Load Library "pedals-integrated circuits"
    Load Packages 2
    ERROR: Unhandled typepackages3d
    Load Library "pedals-pcb"
    Load Packages 1
    Load Library "pedals-switches"
    Load Packages 1
    Load Library "pedals-resistors"
    Load Packages 1
    Load Library "pedals-capacitors-film"
    Load Packages 3
    Load Library "pedals-capacitors-elec"
    Load Packages 2
    Load Library "pedals-transistors"
    Load Packages 1
    Load Library "pedals-diodes"
    Load Packages 2
    Load Library "pedals-microcontrollers"
    Load Packages 1
    Load Library "pedals-relays"
    Load Packages 1
    ERROR: Unhandled typepackages3d
    Load Library "pedals-regulators"
    Load Packages 1
    Load Library "pedals-headers"
    Load Packages 1
    ERROR: Unhandled typemfgpreviewcolors
EndSection

Section : Analyze Document - Z:\Dev\pedals\pedals\Ross Compressor\pcb\rosscomp_th.sch
    Analyzing data of Z:\Dev\pedals\pedals\Ross Compressor\pcb\rosscomp_th.sch
    Load settings
    Load layers 145
    Load schematic
    Load Libraries 16
    Load Library "gm-supply"
    Load Packages 0
    Load Symbols 1
    Load DeviceSets 1
    Load Library "pedals-jacks"
    Load Packages 5
    Load Symbols 2
    Load DeviceSets 2
    Load Library "pedals-potentiometers"
    Load Packages 13
    Load Symbols 1
    Load DeviceSets 1
    Load Library "pedals-supply"
    Load Packages 0
    Load Symbols 5
    Load DeviceSets 5
    Load Library "pedals-integrated circuits"
    Load Packages 6
    ERROR: Unhandled typepackages3d
    Load Symbols 4
    Load DeviceSets 3
    ERROR: Unhandled typepackage3dinstances
    ERROR: Unhandled typepackage3dinstances
    Load Library "pedals-switches"
    Load Packages 3
    Load Symbols 1
    Load DeviceSets 1
    Load Library "pedals-resistors"
    Load Packages 8
    Load Symbols 1
    Load DeviceSets 1
    Load Library "pedals-capacitors-film"
    Load Packages 10
    Load Symbols 1
    Load DeviceSets 1
    Load Library "pedals-capacitors-elec"
    Load Packages 3
    Load Symbols 1
    Load DeviceSets 2
    Load Library "pedals-transistors"
    Load Packages 5
    Load Symbols 1
    Load DeviceSets 2
    Load Library "pedals-diodes"
    Load Packages 7
    Load Symbols 1
    Load DeviceSets 2
    Load Library "pedals-microcontrollers"
    Load Packages 2
    Load Symbols 1
    Load DeviceSets 1
    Load Library "pedals-relays"
    Load Packages 1
    ERROR: Unhandled typepackages3d
    Load Symbols 2
    Load DeviceSets 1
    ERROR: Unhandled typepackage3dinstances
    Load Library "pedals-regulators"
    Load Packages 1
    Load Symbols 1
    Load DeviceSets 1
    Load Library "supply2"
    Load Packages 0
    Load Symbols 1
    Load DeviceSets 1
    Load Library "pedals-headers"
    Load Packages 2
    Load Symbols 2
    Load DeviceSets 1
    Load Attributes 0
    Load Classes 1
    Load Parts 149
    Load Sheets 1
EndSection
